/pytorch/torch/csrc/utils/python_arg_parser.cpp:756: UserWarning: This overload of add_ is deprecated:
	add_(Number alpha, Tensor other)
Consider using one of the following signatures instead:
	add_(Tensor other, *, Number alpha)
/home/zw287/mcr2/residual_adapters/utils_pytorch.py:117: UserWarning: volatile was removed and now has no effect. Use `with torch.no_grad():` instead.
  inputs, targets = Variable(inputs, volatile=True), Variable(targets)
==> Resuming from checkpoint..
Loading checkpoint: /home/zw287/mcr2/saved_models/experts/mcr2/sup_expert_resnet18+128_cifar100_epo200_bs1000_lr0.001_mom0.9_wd0.0005_gam11.0_gam21.0_eps0.5_lcr0.0/checkpoints/model-epoch199.pt
Start training

Epoch: 0
Epoch: [0][0/27]	Time 0.946 (0.946)	Data 0.129 (0.129)	
Task 0 : Loss 4.5471 (4.5471)	Acc 0.000 (0.000)
Epoch: [0]
Task 0 : Test Loss 63.5628 (71.8590)	Test Acc 0.000 (0.960)
Saving..
Epoch lasted 10.33307695388794

Epoch: 1
Epoch: [1][0/27]	Time 0.131 (0.131)	Data 0.071 (0.071)	
Task 0 : Loss 7.5076 (7.5076)	Acc 0.000 (0.000)
Epoch: [1]
Task 0 : Test Loss 5.7512 (4.8938)	Test Acc 0.000 (0.990)
Saving..
Epoch lasted 6.754546165466309

Epoch: 2
Epoch: [2][0/27]	Time 0.111 (0.111)	Data 0.051 (0.051)	
Task 0 : Loss 5.5556 (5.5556)	Acc 0.000 (0.000)
Epoch: [2]
Task 0 : Test Loss 3.8032 (4.6087)	Test Acc 100.000 (0.990)
Epoch lasted 5.937877893447876

Epoch: 3
Epoch: [3][0/27]	Time 0.101 (0.101)	Data 0.041 (0.041)	
Task 0 : Loss 4.6534 (4.6534)	Acc 0.000 (0.000)
Epoch: [3]
Task 0 : Test Loss 3.4510 (4.5849)	Test Acc 100.000 (0.990)
Epoch lasted 5.9624106884002686

Epoch: 4
Epoch: [4][0/27]	Time 0.102 (0.102)	Data 0.042 (0.042)	
Task 0 : Loss 4.6251 (4.6251)	Acc 0.000 (0.000)
Epoch: [4]
Task 0 : Test Loss 3.7559 (4.5940)	Test Acc 75.758 (1.680)
Saving..
Epoch lasted 6.071800947189331

Epoch: 5
Epoch: [5][0/27]	Time 0.109 (0.109)	Data 0.050 (0.050)	
Task 0 : Loss 4.6557 (4.6557)	Acc 0.000 (0.000)
Epoch: [5]
Task 0 : Test Loss 3.7843 (4.8186)	Test Acc 63.636 (1.170)
Epoch lasted 5.968111276626587

Epoch: 6
Epoch: [6][0/27]	Time 0.101 (0.101)	Data 0.041 (0.041)	
Task 0 : Loss 4.5996 (4.5996)	Acc 0.000 (0.000)
Epoch: [6]
Task 0 : Test Loss 3.4000 (4.5687)	Test Acc 96.970 (1.080)
Epoch lasted 5.971568584442139

Epoch: 7
Epoch: [7][0/27]	Time 0.101 (0.101)	Data 0.041 (0.041)	
Task 0 : Loss 4.6322 (4.6322)	Acc 0.000 (0.000)
Epoch: [7]
Task 0 : Test Loss 3.4157 (4.5591)	Test Acc 96.970 (1.230)
Epoch lasted 5.976330518722534

Epoch: 8
Epoch: [8][0/27]	Time 0.101 (0.101)	Data 0.041 (0.041)	
Task 0 : Loss 4.6594 (4.6594)	Acc 0.000 (0.000)
Epoch: [8]
Task 0 : Test Loss 3.4556 (4.5494)	Test Acc 96.970 (1.380)
Epoch lasted 5.97814154624939

Epoch: 9
Epoch: [9][0/27]	Time 0.101 (0.101)	Data 0.041 (0.041)	
Task 0 : Loss 4.6661 (4.6661)	Acc 0.000 (0.000)
Epoch: [9]
Task 0 : Test Loss 3.4253 (4.5491)	Test Acc 96.970 (1.380)
Epoch lasted 6.000083684921265

Epoch: 10
Epoch: [10][0/27]	Time 0.102 (0.102)	Data 0.041 (0.041)	
Task 0 : Loss 4.6684 (4.6684)	Acc 0.000 (0.000)
Epoch: [10]
Task 0 : Test Loss 3.4197 (4.5468)	Test Acc 96.970 (1.560)
Epoch lasted 5.991641998291016

Epoch: 11
Epoch: [11][0/27]	Time 0.101 (0.101)	Data 0.041 (0.041)	
Task 0 : Loss 4.6658 (4.6658)	Acc 0.000 (0.000)
Epoch: [11]
Task 0 : Test Loss 3.4891 (4.5420)	Test Acc 96.970 (1.440)
Epoch lasted 5.997135400772095

Epoch: 12
Epoch: [12][0/27]	Time 0.103 (0.103)	Data 0.043 (0.043)	
Task 0 : Loss 4.6686 (4.6686)	Acc 0.000 (0.000)
Epoch: [12]
Task 0 : Test Loss 3.4647 (4.5414)	Test Acc 96.970 (1.710)
Saving..
Epoch lasted 6.115190744400024

Epoch: 13
Epoch: [13][0/27]	Time 0.107 (0.107)	Data 0.047 (0.047)	
Task 0 : Loss 4.6607 (4.6607)	Acc 0.000 (0.000)
Epoch: [13]
Task 0 : Test Loss 3.4912 (4.5388)	Test Acc 93.939 (1.650)
Epoch lasted 6.000366449356079

Epoch: 14
Epoch: [14][0/27]	Time 0.101 (0.101)	Data 0.041 (0.041)	
Task 0 : Loss 4.6584 (4.6584)	Acc 0.000 (0.000)
Epoch: [14]
Task 0 : Test Loss 3.4762 (4.5372)	Test Acc 93.939 (1.950)
Saving..
Epoch lasted 6.132015943527222

Epoch: 15
Epoch: [15][0/27]	Time 0.108 (0.108)	Data 0.048 (0.048)	
Task 0 : Loss 4.6496 (4.6496)	Acc 0.000 (0.000)
Epoch: [15]
Task 0 : Test Loss 3.5291 (4.5415)	Test Acc 93.939 (1.500)
Epoch lasted 6.0076422691345215

Epoch: 16
Epoch: [16][0/27]	Time 0.101 (0.101)	Data 0.041 (0.041)	
Task 0 : Loss 4.6465 (4.6465)	Acc 0.000 (0.000)
Epoch: [16]
Task 0 : Test Loss 3.8184 (4.5633)	Test Acc 81.818 (1.950)
Epoch lasted 5.997733116149902

Epoch: 17
Epoch: [17][0/27]	Time 0.101 (0.101)	Data 0.041 (0.041)	
Task 0 : Loss 4.6456 (4.6456)	Acc 0.000 (0.000)
Epoch: [17]
Task 0 : Test Loss 3.7281 (4.5285)	Test Acc 90.909 (1.950)
Epoch lasted 6.002021551132202

Epoch: 18
Epoch: [18][0/27]	Time 0.101 (0.101)	Data 0.041 (0.041)	
Task 0 : Loss 4.6625 (4.6625)	Acc 0.000 (0.000)
Epoch: [18]
Task 0 : Test Loss 3.5303 (4.5562)	Test Acc 90.909 (1.530)
Epoch lasted 6.0038206577301025

Epoch: 19
Epoch: [19][0/27]	Time 0.101 (0.101)	Data 0.041 (0.041)	
Task 0 : Loss 4.6680 (4.6680)	Acc 0.000 (0.000)
Epoch: [19]
Task 0 : Test Loss 3.6196 (4.5359)	Test Acc 81.818 (1.770)
Epoch lasted 6.025545597076416

Epoch: 20
Epoch: [20][0/27]	Time 0.101 (0.101)	Data 0.041 (0.041)	
Task 0 : Loss 4.6362 (4.6362)	Acc 0.000 (0.000)
Epoch: [20]
Task 0 : Test Loss 3.6044 (4.5351)	Test Acc 84.848 (1.830)
Epoch lasted 6.005637168884277

Epoch: 21
Epoch: [21][0/27]	Time 0.101 (0.101)	Data 0.041 (0.041)	
Task 0 : Loss 4.6240 (4.6240)	Acc 0.000 (0.000)
Epoch: [21]
Task 0 : Test Loss 3.6963 (4.5341)	Test Acc 84.848 (2.040)
Saving..
Epoch lasted 6.133235454559326

Epoch: 22
Epoch: [22][0/27]	Time 0.109 (0.109)	Data 0.049 (0.049)	
Task 0 : Loss 4.6304 (4.6304)	Acc 0.000 (0.000)
Epoch: [22]
Task 0 : Test Loss 3.7810 (4.5397)	Test Acc 78.788 (2.130)
Saving..
Epoch lasted 6.133639335632324

Epoch: 23
Epoch: [23][0/27]	Time 0.112 (0.112)	Data 0.052 (0.052)	
Task 0 : Loss 4.6023 (4.6023)	Acc 0.000 (0.000)
Epoch: [23]
Task 0 : Test Loss 3.9230 (4.5390)	Test Acc 66.667 (2.010)
Epoch lasted 6.015795707702637

Epoch: 24
Epoch: [24][0/27]	Time 0.101 (0.101)	Data 0.041 (0.041)	
Task 0 : Loss 4.5918 (4.5918)	Acc 0.000 (0.000)
Epoch: [24]
Task 0 : Test Loss 3.9135 (4.5684)	Test Acc 54.545 (1.920)
Epoch lasted 6.031669616699219

Epoch: 25
Epoch: [25][0/27]	Time 0.102 (0.102)	Data 0.042 (0.042)	
Task 0 : Loss 4.6016 (4.6016)	Acc 0.000 (0.000)
Epoch: [25]
Task 0 : Test Loss 3.9173 (4.5594)	Test Acc 57.576 (1.830)
Epoch lasted 6.009598731994629

Epoch: 26
Epoch: [26][0/27]	Time 0.101 (0.101)	Data 0.041 (0.041)	
Task 0 : Loss 4.6134 (4.6134)	Acc 0.000 (0.000)
Epoch: [26]
Task 0 : Test Loss 4.5409 (4.6366)	Test Acc 18.182 (1.920)
Epoch lasted 6.007544279098511

Epoch: 27
Epoch: [27][0/27]	Time 0.102 (0.102)	Data 0.041 (0.041)	
Task 0 : Loss 4.5907 (4.5907)	Acc 0.000 (0.000)
Epoch: [27]
Task 0 : Test Loss 4.2226 (4.5625)	Test Acc 30.303 (2.250)
Saving..
Epoch lasted 6.1271162033081055

Epoch: 28
Epoch: [28][0/27]	Time 0.107 (0.107)	Data 0.047 (0.047)	
Task 0 : Loss 4.5977 (4.5977)	Acc 0.000 (0.000)
Epoch: [28]
Task 0 : Test Loss 4.0731 (4.5400)	Test Acc 48.485 (2.430)
Saving..
Epoch lasted 6.12614893913269

Epoch: 29
Epoch: [29][0/27]	Time 0.108 (0.108)	Data 0.048 (0.048)	
Task 0 : Loss 4.5788 (4.5788)	Acc 0.000 (0.000)
Epoch: [29]
Task 0 : Test Loss 4.7768 (4.6041)	Test Acc 3.030 (2.490)
Saving..
Epoch lasted 6.152765989303589

Epoch: 30
Epoch: [30][0/27]	Time 0.109 (0.109)	Data 0.049 (0.049)	
Task 0 : Loss 4.6094 (4.6094)	Acc 0.000 (0.000)
Epoch: [30]
Task 0 : Test Loss 4.5617 (4.5549)	Test Acc 12.121 (2.820)
Saving..
Epoch lasted 6.135738849639893

Epoch: 31
Epoch: [31][0/27]	Time 0.110 (0.110)	Data 0.049 (0.049)	
Task 0 : Loss 4.5906 (4.5906)	Acc 0.000 (0.000)
Epoch: [31]
Task 0 : Test Loss 4.5659 (4.5545)	Test Acc 12.121 (2.430)
Epoch lasted 6.024047374725342

Epoch: 32
Epoch: [32][0/27]	Time 0.102 (0.102)	Data 0.041 (0.041)	
Task 0 : Loss 4.7160 (4.7160)	Acc 0.000 (0.000)
Epoch: [32]
Task 0 : Test Loss 4.1967 (4.5620)	Test Acc 27.273 (2.970)
Saving..
Epoch lasted 6.123867750167847

Epoch: 33
Epoch: [33][0/27]	Time 0.108 (0.108)	Data 0.048 (0.048)	
Task 0 : Loss 4.6625 (4.6625)	Acc 0.000 (0.000)
Epoch: [33]
Task 0 : Test Loss 4.6320 (4.6646)	Test Acc 0.000 (2.220)
Epoch lasted 6.0147294998168945

Epoch: 34
Epoch: [34][0/27]	Time 0.101 (0.101)	Data 0.041 (0.041)	
Task 0 : Loss 4.6482 (4.6482)	Acc 0.000 (0.000)
Epoch: [34]
Task 0 : Test Loss 3.9593 (4.5575)	Test Acc 45.455 (2.790)
Epoch lasted 6.032144546508789

Epoch: 35
Epoch: [35][0/27]	Time 0.102 (0.102)	Data 0.042 (0.042)	
Task 0 : Loss 4.6142 (4.6142)	Acc 0.000 (0.000)
Epoch: [35]
Task 0 : Test Loss 4.7591 (4.8354)	Test Acc 6.061 (1.710)
Epoch lasted 6.009629487991333

Epoch: 36
Epoch: [36][0/27]	Time 0.101 (0.101)	Data 0.040 (0.040)	
Task 0 : Loss 4.5906 (4.5906)	Acc 0.000 (0.000)
Epoch: [36]
Task 0 : Test Loss 4.2858 (4.5691)	Test Acc 21.212 (3.240)
Saving..
Epoch lasted 6.129488945007324

Epoch: 37
Epoch: [37][0/27]	Time 0.111 (0.111)	Data 0.051 (0.051)	
Task 0 : Loss 4.5634 (4.5634)	Acc 0.000 (0.000)
Epoch: [37]
Task 0 : Test Loss 3.7106 (4.5599)	Test Acc 69.697 (2.490)
Epoch lasted 6.017063617706299

Epoch: 38
Epoch: [38][0/27]	Time 0.101 (0.101)	Data 0.041 (0.041)	
Task 0 : Loss 4.5729 (4.5729)	Acc 0.000 (0.000)
Epoch: [38]
Task 0 : Test Loss 3.6561 (4.6020)	Test Acc 72.727 (2.550)
Epoch lasted 6.006485223770142

Epoch: 39
Epoch: [39][0/27]	Time 0.101 (0.101)	Data 0.041 (0.041)	
Task 0 : Loss 4.6101 (4.6101)	Acc 0.000 (0.000)
Epoch: [39]
Task 0 : Test Loss 4.3254 (4.5633)	Test Acc 24.242 (3.270)
Saving..
Epoch lasted 6.144525051116943

Epoch: 40
Epoch: [40][0/27]	Time 0.108 (0.108)	Data 0.048 (0.048)	
Task 0 : Loss 4.5907 (4.5907)	Acc 0.000 (0.000)
Epoch: [40]
Task 0 : Test Loss 3.6394 (4.6034)	Test Acc 69.697 (2.490)
Epoch lasted 6.033509254455566

Epoch: 41
Epoch: [41][0/27]	Time 0.101 (0.101)	Data 0.041 (0.041)	
Task 0 : Loss 4.5316 (4.5316)	Acc 0.000 (0.000)
Epoch: [41]
Task 0 : Test Loss 4.5001 (4.5708)	Test Acc 0.000 (3.510)
Saving..
Epoch lasted 6.126880168914795

Epoch: 42
Epoch: [42][0/27]	Time 0.108 (0.108)	Data 0.048 (0.048)	
Task 0 : Loss 4.5515 (4.5515)	Acc 0.000 (0.000)
Epoch: [42]
Task 0 : Test Loss 4.2823 (4.5903)	Test Acc 6.061 (3.060)
Epoch lasted 6.019299268722534

Epoch: 43
Epoch: [43][0/27]	Time 0.101 (0.101)	Data 0.041 (0.041)	
Task 0 : Loss 4.5593 (4.5593)	Acc 0.000 (0.000)
Epoch: [43]
Task 0 : Test Loss 4.6092 (4.6109)	Test Acc 0.000 (3.450)
Epoch lasted 6.011764287948608

Epoch: 44
Epoch: [44][0/27]	Time 0.101 (0.101)	Data 0.041 (0.041)	
Task 0 : Loss 4.5475 (4.5475)	Acc 0.000 (0.000)
Epoch: [44]
Task 0 : Test Loss 4.5601 (4.6698)	Test Acc 3.030 (3.360)
Epoch lasted 6.0324015617370605

Epoch: 45
Epoch: [45][0/27]	Time 0.102 (0.102)	Data 0.042 (0.042)	
Task 0 : Loss 4.5355 (4.5355)	Acc 0.000 (0.000)
Epoch: [45]
Task 0 : Test Loss 4.5383 (4.6289)	Test Acc 0.000 (3.390)
Epoch lasted 6.008294343948364

Epoch: 46
Epoch: [46][0/27]	Time 0.101 (0.101)	Data 0.041 (0.041)	
Task 0 : Loss 4.5523 (4.5523)	Acc 0.000 (0.000)
Epoch: [46]
Task 0 : Test Loss 5.5726 (4.9585)	Test Acc 3.030 (1.830)
Epoch lasted 6.008697271347046

Epoch: 47
Epoch: [47][0/27]	Time 0.101 (0.101)	Data 0.041 (0.041)	
Task 0 : Loss 4.5273 (4.5273)	Acc 0.000 (0.000)
Epoch: [47]
Task 0 : Test Loss 4.6606 (4.8033)	Test Acc 3.030 (3.060)
Epoch lasted 6.010020732879639

Epoch: 48
Epoch: [48][0/27]	Time 0.102 (0.102)	Data 0.041 (0.041)	
Task 0 : Loss 4.5781 (4.5781)	Acc 0.000 (0.000)
Epoch: [48]
Task 0 : Test Loss 4.5211 (4.6437)	Test Acc 3.030 (3.060)
Epoch lasted 6.004876613616943

Epoch: 49
Epoch: [49][0/27]	Time 0.101 (0.101)	Data 0.041 (0.041)	
Task 0 : Loss 4.8535 (4.8535)	Acc 0.000 (0.000)
Epoch: [49]
Task 0 : Test Loss 3.5112 (4.6520)	Test Acc 60.606 (2.730)
Epoch lasted 6.029012203216553

Epoch: 50
Epoch: [50][0/27]	Time 0.102 (0.102)	Data 0.041 (0.041)	
Task 0 : Loss 4.4608 (4.4608)	Acc 0.000 (0.000)
Epoch: [50]
Task 0 : Test Loss 4.5155 (4.5743)	Test Acc 6.061 (3.480)
Epoch lasted 6.0550315380096436

Epoch: 51
Epoch: [51][0/27]	Time 0.101 (0.101)	Data 0.041 (0.041)	
Task 0 : Loss 4.5231 (4.5231)	Acc 0.000 (0.000)
Epoch: [51]
Task 0 : Test Loss 5.0729 (4.6122)	Test Acc 0.000 (3.210)
Epoch lasted 6.025105237960815

Epoch: 52
Epoch: [52][0/27]	Time 0.101 (0.101)	Data 0.041 (0.041)	
Task 0 : Loss 4.5387 (4.5387)	Acc 0.000 (0.000)
Epoch: [52]
Task 0 : Test Loss 4.6221 (4.6478)	Test Acc 0.000 (3.090)
Epoch lasted 5.999643087387085

Epoch: 53
Epoch: [53][0/27]	Time 0.101 (0.101)	Data 0.041 (0.041)	
Task 0 : Loss 4.5827 (4.5827)	Acc 0.000 (0.000)
Epoch: [53]
Task 0 : Test Loss 5.1362 (4.6148)	Test Acc 0.000 (3.030)
Epoch lasted 6.002824783325195

Epoch: 54
Epoch: [54][0/27]	Time 0.101 (0.101)	Data 0.041 (0.041)	
Task 0 : Loss 4.6951 (4.6951)	Acc 0.000 (0.000)
Epoch: [54]
Task 0 : Test Loss 5.0065 (4.6746)	Test Acc 0.000 (2.490)
Epoch lasted 6.0266783237457275

Epoch: 55
Epoch: [55][0/27]	Time 0.101 (0.101)	Data 0.041 (0.041)	
Task 0 : Loss 4.4664 (4.4664)	Acc 0.000 (0.000)
Epoch: [55]
Task 0 : Test Loss 4.9960 (4.6193)	Test Acc 0.000 (3.060)
Epoch lasted 6.002406120300293

Epoch: 56
Epoch: [56][0/27]	Time 0.101 (0.101)	Data 0.041 (0.041)	
Task 0 : Loss 4.5516 (4.5516)	Acc 0.000 (0.000)
Epoch: [56]
Task 0 : Test Loss 4.6775 (4.6459)	Test Acc 3.030 (2.880)
Epoch lasted 6.003485202789307

Epoch: 57
Epoch: [57][0/27]	Time 0.101 (0.101)	Data 0.041 (0.041)	
Task 0 : Loss 4.5784 (4.5784)	Acc 0.781 (0.781)
Epoch: [57]
Task 0 : Test Loss 4.9468 (4.6338)	Test Acc 0.000 (3.090)
Epoch lasted 6.0011701583862305

Epoch: 58
Epoch: [58][0/27]	Time 0.101 (0.101)	Data 0.041 (0.041)	
Task 0 : Loss 4.5119 (4.5119)	Acc 0.781 (0.781)
Epoch: [58]
Task 0 : Test Loss 4.7468 (4.7872)	Test Acc 0.000 (3.510)
Epoch lasted 6.003297567367554

Epoch: 59
Epoch: [59][0/27]	Time 0.101 (0.101)	Data 0.041 (0.041)	
Task 0 : Loss 4.5008 (4.5008)	Acc 0.000 (0.000)
Epoch: [59]
Task 0 : Test Loss 5.4580 (4.7169)	Test Acc 0.000 (2.940)
Epoch lasted 6.02499532699585

Epoch: 60
Epoch: [60][0/27]	Time 0.101 (0.101)	Data 0.041 (0.041)	
Task 0 : Loss 4.5866 (4.5866)	Acc 0.000 (0.000)
Epoch: [60]
Task 0 : Test Loss 5.9972 (4.7200)	Test Acc 0.000 (2.640)
Epoch lasted 6.006559371948242

Epoch: 61
Epoch: [61][0/27]	Time 0.102 (0.102)	Data 0.041 (0.041)	
Task 0 : Loss 4.7513 (4.7513)	Acc 0.000 (0.000)
Epoch: [61]
Task 0 : Test Loss 4.9803 (4.8918)	Test Acc 0.000 (2.370)
Epoch lasted 6.015492916107178

Epoch: 62
Epoch: [62][0/27]	Time 0.106 (0.106)	Data 0.045 (0.045)	
Task 0 : Loss 4.5478 (4.5478)	Acc 0.000 (0.000)
Epoch: [62]
Task 0 : Test Loss 5.0089 (4.7106)	Test Acc 0.000 (2.970)
Epoch lasted 6.005603075027466

Epoch: 63
Epoch: [63][0/27]	Time 0.101 (0.101)	Data 0.041 (0.041)	
Task 0 : Loss 4.7533 (4.7533)	Acc 0.000 (0.000)
Epoch: [63]
Task 0 : Test Loss 5.9789 (4.9613)	Test Acc 0.000 (2.490)
Epoch lasted 5.999277353286743

Epoch: 64
Epoch: [64][0/27]	Time 0.101 (0.101)	Data 0.041 (0.041)	
Task 0 : Loss 4.5792 (4.5792)	Acc 0.000 (0.000)
Epoch: [64]
Task 0 : Test Loss 3.2440 (4.8002)	Test Acc 57.576 (2.220)
Epoch lasted 6.028013706207275

Epoch: 65
Epoch: [65][0/27]	Time 0.101 (0.101)	Data 0.041 (0.041)	
Task 0 : Loss 4.2882 (4.2882)	Acc 0.000 (0.000)
Epoch: [65]
Task 0 : Test Loss 4.4109 (4.6759)	Test Acc 0.000 (2.820)
Epoch lasted 5.996837854385376

Epoch: 66
Epoch: [66][0/27]	Time 0.101 (0.101)	Data 0.041 (0.041)	
Task 0 : Loss 4.5537 (4.5537)	Acc 0.000 (0.000)
Epoch: [66]
Task 0 : Test Loss 5.4187 (4.7805)	Test Acc 0.000 (2.400)
Epoch lasted 5.997218370437622

Epoch: 67
Epoch: [67][0/27]	Time 0.101 (0.101)	Data 0.041 (0.041)	
Task 0 : Loss 4.1762 (4.1762)	Acc 1.562 (1.562)
Epoch: [67]
Task 0 : Test Loss 6.2453 (4.7240)	Test Acc 0.000 (2.220)
Epoch lasted 5.996161937713623

Epoch: 68
Epoch: [68][0/27]	Time 0.101 (0.101)	Data 0.040 (0.040)	
Task 0 : Loss 4.4435 (4.4435)	Acc 0.000 (0.000)
Epoch: [68]
Task 0 : Test Loss 5.5853 (4.8180)	Test Acc 0.000 (3.180)
Epoch lasted 5.999645471572876

Epoch: 69
Epoch: [69][0/27]	Time 0.101 (0.101)	Data 0.041 (0.041)	
Task 0 : Loss 4.6717 (4.6717)	Acc 0.000 (0.000)
Epoch: [69]
Task 0 : Test Loss 3.6214 (4.7479)	Test Acc 30.303 (2.730)
Epoch lasted 6.024970769882202

Epoch: 70
Epoch: [70][0/27]	Time 0.101 (0.101)	Data 0.041 (0.041)	
Task 0 : Loss 4.5941 (4.5941)	Acc 0.000 (0.000)
Epoch: [70]
Task 0 : Test Loss 3.7979 (4.7319)	Test Acc 39.394 (2.490)
Epoch lasted 6.007367372512817

Epoch: 71
Epoch: [71][0/27]	Time 0.101 (0.101)	Data 0.041 (0.041)	
Task 0 : Loss 4.6606 (4.6606)	Acc 0.000 (0.000)
Epoch: [71]
Task 0 : Test Loss 4.1899 (4.6688)	Test Acc 9.091 (2.910)
Epoch lasted 6.009976148605347

Epoch: 72
Epoch: [72][0/27]	Time 0.100 (0.100)	Data 0.040 (0.040)	
Task 0 : Loss 4.5146 (4.5146)	Acc 0.000 (0.000)
Epoch: [72]
Task 0 : Test Loss 4.4774 (4.6910)	Test Acc 0.000 (3.060)
Epoch lasted 5.994924306869507

Epoch: 73
Epoch: [73][0/27]	Time 0.101 (0.101)	Data 0.041 (0.041)	
Task 0 : Loss 4.4511 (4.4511)	Acc 0.781 (0.781)
Epoch: [73]
Task 0 : Test Loss 4.9059 (4.6997)	Test Acc 0.000 (3.030)
Epoch lasted 6.004467725753784

Epoch: 74
Epoch: [74][0/27]	Time 0.102 (0.102)	Data 0.042 (0.042)	
Task 0 : Loss 4.4876 (4.4876)	Acc 0.000 (0.000)
Epoch: [74]
Task 0 : Test Loss 4.9982 (4.7649)	Test Acc 0.000 (2.550)
Epoch lasted 6.023855209350586

Epoch: 75
Epoch: [75][0/27]	Time 0.102 (0.102)	Data 0.041 (0.041)	
Task 0 : Loss 4.5049 (4.5049)	Acc 0.781 (0.781)
Epoch: [75]
Task 0 : Test Loss 4.9008 (5.0112)	Test Acc 0.000 (2.790)
Epoch lasted 6.001027822494507

Epoch: 76
Epoch: [76][0/27]	Time 0.101 (0.101)	Data 0.041 (0.041)	
Task 0 : Loss 4.4948 (4.4948)	Acc 0.000 (0.000)
Epoch: [76]
Task 0 : Test Loss 4.7834 (4.9656)	Test Acc 0.000 (3.450)
Epoch lasted 5.998889684677124

Epoch: 77
Epoch: [77][0/27]	Time 0.101 (0.101)	Data 0.041 (0.041)	
Task 0 : Loss 4.5640 (4.5640)	Acc 0.000 (0.000)
Epoch: [77]
Task 0 : Test Loss 4.9525 (5.1508)	Test Acc 0.000 (3.330)
Epoch lasted 5.997620582580566

Epoch: 78
Epoch: [78][0/27]	Time 0.101 (0.101)	Data 0.041 (0.041)	
Task 0 : Loss 4.4765 (4.4765)	Acc 2.344 (2.344)
Epoch: [78]
Task 0 : Test Loss 4.4647 (4.9896)	Test Acc 0.000 (2.400)
Epoch lasted 5.997680425643921

Epoch: 79
Epoch: [79][0/27]	Time 0.101 (0.101)	Data 0.041 (0.041)	
Task 0 : Loss 4.4769 (4.4769)	Acc 0.000 (0.000)
Epoch: [79]
Task 0 : Test Loss 4.9345 (4.7752)	Test Acc 0.000 (3.150)
Epoch lasted 6.020808935165405

Epoch: 80
Epoch: [80][0/27]	Time 0.101 (0.101)	Data 0.041 (0.041)	
Task 0 : Loss 4.5467 (4.5467)	Acc 0.000 (0.000)
Epoch: [80]
Task 0 : Test Loss 4.1800 (4.7462)	Test Acc 6.061 (2.940)
Epoch lasted 6.015267848968506

Epoch: 81
Epoch: [81][0/27]	Time 0.101 (0.101)	Data 0.041 (0.041)	
Task 0 : Loss 4.3438 (4.3438)	Acc 0.781 (0.781)
Epoch: [81]
Task 0 : Test Loss 4.6601 (4.7274)	Test Acc 0.000 (3.420)
Epoch lasted 5.996474742889404

Epoch: 82
Epoch: [82][0/27]	Time 0.101 (0.101)	Data 0.040 (0.040)	
Task 0 : Loss 4.3047 (4.3047)	Acc 0.781 (0.781)
Epoch: [82]
Task 0 : Test Loss 4.7526 (4.7461)	Test Acc 0.000 (3.210)
Epoch lasted 5.99832820892334

Epoch: 83
Epoch: [83][0/27]	Time 0.101 (0.101)	Data 0.041 (0.041)	
Task 0 : Loss 4.2809 (4.2809)	Acc 0.781 (0.781)
Epoch: [83]
Task 0 : Test Loss 4.5592 (4.7500)	Test Acc 3.030 (3.270)
Epoch lasted 5.998650074005127

Epoch: 84
Epoch: [84][0/27]	Time 0.101 (0.101)	Data 0.041 (0.041)	
Task 0 : Loss 4.2540 (4.2540)	Acc 0.781 (0.781)
Epoch: [84]
Task 0 : Test Loss 4.5888 (4.7531)	Test Acc 3.030 (3.090)
Epoch lasted 6.023993730545044

Epoch: 85
Epoch: [85][0/27]	Time 0.101 (0.101)	Data 0.041 (0.041)	
Task 0 : Loss 4.1957 (4.1957)	Acc 2.344 (2.344)
Epoch: [85]
Task 0 : Test Loss 4.5182 (4.7626)	Test Acc 3.030 (3.330)
Epoch lasted 5.9978649616241455

Epoch: 86
Epoch: [86][0/27]	Time 0.101 (0.101)	Data 0.041 (0.041)	
Task 0 : Loss 4.1405 (4.1405)	Acc 2.344 (2.344)
Epoch: [86]
Task 0 : Test Loss 4.6728 (4.7691)	Test Acc 3.030 (3.300)
Epoch lasted 6.001237392425537

Epoch: 87
Epoch: [87][0/27]	Time 0.100 (0.100)	Data 0.040 (0.040)	
Task 0 : Loss 4.1008 (4.1008)	Acc 1.562 (1.562)
Epoch: [87]
Task 0 : Test Loss 4.8365 (4.7568)	Test Acc 0.000 (3.180)
Epoch lasted 6.009916067123413

Epoch: 88
Epoch: [88][0/27]	Time 0.102 (0.102)	Data 0.041 (0.041)	
Task 0 : Loss 4.0910 (4.0910)	Acc 2.344 (2.344)
Epoch: [88]
Task 0 : Test Loss 4.6964 (4.7729)	Test Acc 3.030 (2.970)
Epoch lasted 5.997774839401245

Epoch: 89
Epoch: [89][0/27]	Time 0.101 (0.101)	Data 0.041 (0.041)	
Task 0 : Loss 4.0547 (4.0547)	Acc 3.125 (3.125)
Epoch: [89]
Task 0 : Test Loss 4.3933 (4.8030)	Test Acc 9.091 (3.060)
Epoch lasted 6.024992227554321

Epoch: 90
Epoch: [90][0/27]	Time 0.101 (0.101)	Data 0.041 (0.041)	
Task 0 : Loss 4.0409 (4.0409)	Acc 2.344 (2.344)
Epoch: [90]
Task 0 : Test Loss 4.5382 (4.7980)	Test Acc 3.030 (2.940)
Epoch lasted 6.019774675369263

Epoch: 91
Epoch: [91][0/27]	Time 0.101 (0.101)	Data 0.041 (0.041)	
Task 0 : Loss 4.0095 (4.0095)	Acc 2.344 (2.344)
Epoch: [91]
Task 0 : Test Loss 4.8615 (4.7944)	Test Acc 0.000 (3.090)
Epoch lasted 6.014191389083862

Epoch: 92
Epoch: [92][0/27]	Time 0.101 (0.101)	Data 0.041 (0.041)	
Task 0 : Loss 3.9499 (3.9499)	Acc 3.125 (3.125)
Epoch: [92]
Task 0 : Test Loss 4.8117 (4.7975)	Test Acc 3.030 (3.150)
Epoch lasted 5.99965238571167

Epoch: 93
Epoch: [93][0/27]	Time 0.101 (0.101)	Data 0.040 (0.040)	
Task 0 : Loss 3.9248 (3.9248)	Acc 2.344 (2.344)
Epoch: [93]
Task 0 : Test Loss 4.7156 (4.8193)	Test Acc 3.030 (2.850)
Epoch lasted 5.999332666397095

Epoch: 94
Epoch: [94][0/27]	Time 0.101 (0.101)	Data 0.041 (0.041)	
Task 0 : Loss 3.9415 (3.9415)	Acc 2.344 (2.344)
Epoch: [94]
Task 0 : Test Loss 4.7046 (4.8362)	Test Acc 6.061 (2.910)
Epoch lasted 6.019635438919067

Epoch: 95
Epoch: [95][0/27]	Time 0.101 (0.101)	Data 0.041 (0.041)	
Task 0 : Loss 3.9364 (3.9364)	Acc 3.125 (3.125)
Epoch: [95]
Task 0 : Test Loss 4.8248 (4.8244)	Test Acc 0.000 (3.060)
Epoch lasted 6.002829074859619

Epoch: 96
Epoch: [96][0/27]	Time 0.102 (0.102)	Data 0.041 (0.041)	
Task 0 : Loss 3.9361 (3.9361)	Acc 4.688 (4.688)
Epoch: [96]
Task 0 : Test Loss 4.7039 (4.8401)	Test Acc 6.061 (2.970)
Epoch lasted 6.003114461898804

Epoch: 97
Epoch: [97][0/27]	Time 0.101 (0.101)	Data 0.041 (0.041)	
Task 0 : Loss 3.8767 (3.8767)	Acc 7.031 (7.031)
Epoch: [97]
Task 0 : Test Loss 4.7922 (4.8580)	Test Acc 3.030 (3.030)
Epoch lasted 6.001309871673584

Epoch: 98
Epoch: [98][0/27]	Time 0.101 (0.101)	Data 0.041 (0.041)	
Task 0 : Loss 3.8258 (3.8258)	Acc 6.250 (6.250)
Epoch: [98]
Task 0 : Test Loss 4.5723 (4.8664)	Test Acc 9.091 (2.820)
Epoch lasted 6.0041937828063965

Epoch: 99
Epoch: [99][0/27]	Time 0.101 (0.101)	Data 0.041 (0.041)	
Task 0 : Loss 3.8489 (3.8489)	Acc 4.688 (4.688)
Epoch: [99]
Task 0 : Test Loss 4.6659 (4.8582)	Test Acc 6.061 (2.610)
Epoch lasted 6.023634910583496

Epoch: 100
Epoch: [100][0/27]	Time 0.102 (0.102)	Data 0.041 (0.041)	
Task 0 : Loss 3.7819 (3.7819)	Acc 4.688 (4.688)
Epoch: [100]
Task 0 : Test Loss 4.7958 (4.8680)	Test Acc 6.061 (2.580)
Epoch lasted 6.009235858917236

Epoch: 101
Epoch: [101][0/27]	Time 0.101 (0.101)	Data 0.040 (0.040)	
Task 0 : Loss 3.7660 (3.7660)	Acc 3.906 (3.906)
Epoch: [101]
Task 0 : Test Loss 4.7910 (4.8605)	Test Acc 6.061 (2.550)
Epoch lasted 5.99837064743042

Epoch: 102
Epoch: [102][0/27]	Time 0.101 (0.101)	Data 0.040 (0.040)	
Task 0 : Loss 3.7599 (3.7599)	Acc 8.594 (8.594)
Epoch: [102]
Task 0 : Test Loss 4.7095 (4.8819)	Test Acc 6.061 (2.610)
Epoch lasted 5.995763301849365

Epoch: 103
Epoch: [103][0/27]	Time 0.101 (0.101)	Data 0.041 (0.041)	
Task 0 : Loss 3.7716 (3.7716)	Acc 6.250 (6.250)
Epoch: [103]
Task 0 : Test Loss 4.6766 (4.8787)	Test Acc 6.061 (2.520)
Epoch lasted 6.004654169082642

Epoch: 104
Epoch: [104][0/27]	Time 0.101 (0.101)	Data 0.041 (0.041)	
Task 0 : Loss 3.7819 (3.7819)	Acc 4.688 (4.688)
Epoch: [104]
Task 0 : Test Loss 4.7670 (4.8786)	Test Acc 6.061 (2.520)
Epoch lasted 6.024946689605713

Epoch: 105
Epoch: [105][0/27]	Time 0.102 (0.102)	Data 0.042 (0.042)	
Task 0 : Loss 3.7345 (3.7345)	Acc 6.250 (6.250)
Epoch: [105]
Task 0 : Test Loss 4.6027 (4.8865)	Test Acc 9.091 (2.520)
Epoch lasted 6.0022828578948975

Epoch: 106
Epoch: [106][0/27]	Time 0.101 (0.101)	Data 0.040 (0.040)	
Task 0 : Loss 3.7271 (3.7271)	Acc 6.250 (6.250)
Epoch: [106]
Task 0 : Test Loss 4.7536 (4.8659)	Test Acc 6.061 (2.640)
Epoch lasted 5.995014429092407

Epoch: 107
Epoch: [107][0/27]	Time 0.101 (0.101)	Data 0.040 (0.040)	
Task 0 : Loss 3.7981 (3.7981)	Acc 6.250 (6.250)
Epoch: [107]
Task 0 : Test Loss 4.8505 (4.8661)	Test Acc 0.000 (2.580)
Epoch lasted 6.001806735992432

Epoch: 108
Epoch: [108][0/27]	Time 0.101 (0.101)	Data 0.040 (0.040)	
Task 0 : Loss 3.7656 (3.7656)	Acc 7.031 (7.031)
Epoch: [108]
Task 0 : Test Loss 4.6567 (4.8719)	Test Acc 6.061 (2.640)
Epoch lasted 5.997020721435547

Epoch: 109
Epoch: [109][0/27]	Time 0.101 (0.101)	Data 0.041 (0.041)	
Task 0 : Loss 3.7279 (3.7279)	Acc 7.031 (7.031)
Epoch: [109]
Task 0 : Test Loss 4.5305 (4.8853)	Test Acc 9.091 (2.580)
Epoch lasted 6.020196437835693

Epoch: 110
Epoch: [110][0/27]	Time 0.101 (0.101)	Data 0.041 (0.041)	
Task 0 : Loss 3.7490 (3.7490)	Acc 8.594 (8.594)
Epoch: [110]
Task 0 : Test Loss 4.5458 (4.8822)	Test Acc 9.091 (2.460)
Epoch lasted 6.004785537719727

Epoch: 111
Epoch: [111][0/27]	Time 0.102 (0.102)	Data 0.042 (0.042)	
Task 0 : Loss 3.7194 (3.7194)	Acc 9.375 (9.375)
Epoch: [111]
Task 0 : Test Loss 4.6751 (4.8833)	Test Acc 9.091 (2.670)
Epoch lasted 6.009840726852417

Epoch: 112
Epoch: [112][0/27]	Time 0.100 (0.100)	Data 0.040 (0.040)	
Task 0 : Loss 3.7072 (3.7072)	Acc 7.812 (7.812)
Epoch: [112]
Task 0 : Test Loss 4.6015 (4.8914)	Test Acc 9.091 (2.520)
Epoch lasted 6.001973390579224

Epoch: 113
Epoch: [113][0/27]	Time 0.101 (0.101)	Data 0.041 (0.041)	
Task 0 : Loss 3.6932 (3.6932)	Acc 7.812 (7.812)
Epoch: [113]
Task 0 : Test Loss 4.6029 (4.9036)	Test Acc 9.091 (2.580)
Epoch lasted 5.997243642807007

Epoch: 114
Epoch: [114][0/27]	Time 0.101 (0.101)	Data 0.041 (0.041)	
Task 0 : Loss 3.7620 (3.7620)	Acc 5.469 (5.469)
Epoch: [114]
Task 0 : Test Loss 4.7174 (4.8782)	Test Acc 9.091 (2.610)
Epoch lasted 6.02179741859436

Epoch: 115
Epoch: [115][0/27]	Time 0.101 (0.101)	Data 0.041 (0.041)	
Task 0 : Loss 3.7575 (3.7575)	Acc 5.469 (5.469)
Epoch: [115]
Task 0 : Test Loss 4.5836 (4.8882)	Test Acc 9.091 (2.520)
Epoch lasted 6.001690864562988

Epoch: 116
Epoch: [116][0/27]	Time 0.101 (0.101)	Data 0.041 (0.041)	
Task 0 : Loss 3.7448 (3.7448)	Acc 5.469 (5.469)
Epoch: [116]
Task 0 : Test Loss 4.5696 (4.8900)	Test Acc 9.091 (2.580)
Epoch lasted 5.997056245803833

Epoch: 117
Epoch: [117][0/27]	Time 0.101 (0.101)	Data 0.041 (0.041)	
Task 0 : Loss 3.7091 (3.7091)	Acc 7.031 (7.031)
Epoch: [117]
Task 0 : Test Loss 4.7327 (4.8764)	Test Acc 9.091 (2.640)
Epoch lasted 6.001449108123779

Epoch: 118
Epoch: [118][0/27]	Time 0.102 (0.102)	Data 0.041 (0.041)	
Task 0 : Loss 3.6935 (3.6935)	Acc 8.594 (8.594)
Epoch: [118]
Task 0 : Test Loss 4.5646 (4.8869)	Test Acc 9.091 (2.490)
Epoch lasted 6.001302480697632

Epoch: 119
Epoch: [119][0/27]	Time 0.101 (0.101)	Data 0.041 (0.041)	
Task 0 : Loss 3.7035 (3.7035)	Acc 8.594 (8.594)
Epoch: [119]
Task 0 : Test Loss 4.5289 (4.8883)	Test Acc 9.091 (2.610)
Epoch lasted 6.025434732437134
